<?xml version="1.0" encoding="UTF-8"?>
<!-- Generated by org.testng.reporters.JUnitReportReporter -->
<testsuite skipped="0" hostname="SDHANAVA-L-1378" name="com.dorman.image.tests.StateoftheTeam_Scenaro3_Test" tests="2" failures="0" timestamp="22 Mar 2019 14:27:51 GMT" time="766.968" errors="0">
  <testcase name="dormanproducts_stateoftheteam_Scenario3" time="509.709" classname="com.dorman.image.tests.StateoftheTeam_Scenaro3_Test"/>
  <testcase name="dormanproducts_stateoftheteam_Scenario3_Stage" time="257.259" classname="com.dorman.image.tests.StateoftheTeam_Scenaro3_Test"/>
</testsuite> <!-- com.dorman.image.tests.StateoftheTeam_Scenaro3_Test -->
