<?xml version="1.0" encoding="UTF-8"?>
<!-- Generated by org.testng.reporters.JUnitReportReporter -->
<testsuite skipped="0" hostname="SDHANAVA-L-1378" name="com.dorman.image.tests.poc_compare" tests="1" failures="0" timestamp="12 Mar 2019 08:58:48 GMT" time="0.772" errors="0">
  <testcase name="compare" time="0.772" classname="com.dorman.image.tests.poc_compare"/>
</testsuite> <!-- com.dorman.image.tests.poc_compare -->
