<?xml version="1.0" encoding="UTF-8"?>
<!-- Generated by org.testng.reporters.JUnitReportReporter -->
<testsuite skipped="0" hostname="SDHANAVA-L-1378" name="com.dorman.image.tests.SalesMainDash_Scenario6_Test" tests="2" failures="0" timestamp="22 Mar 2019 14:27:51 GMT" time="588.929" errors="0">
  <testcase name="dormanproducts_salesmaindash_Scenario6_qa" time="588.924" classname="com.dorman.image.tests.SalesMainDash_Scenario6_Test"/>
  <testcase name="dormanproducts_salesmaindash_Scenario6_Stage" time="0.005" classname="com.dorman.image.tests.SalesMainDash_Scenario6_Test"/>
</testsuite> <!-- com.dorman.image.tests.SalesMainDash_Scenario6_Test -->
