<?xml version="1.0" encoding="UTF-8"?>
<!-- Generated by org.testng.reporters.JUnitReportReporter -->
<testsuite skipped="16" hostname="SDHANAVA-L-1378" name="com.dorman.bitest.tests.DormanSharedCorporateTest" tests="17" failures="0" timestamp="16 Jul 2019 09:38:35 GMT" time="28.563" errors="0">
  <testcase name="dormansharedcorporate_POS_Basic_Key_Account_QA" time="28.563" classname="com.dorman.bitest.tests.DormanSharedCorporateTest"/>
  <testcase name="dormanproducts_stateoftheteam_stage" classname="com.dorman.bitest.tests.DormanSharedCorporateTest">
    <skipped/>
  </testcase> <!-- dormanproducts_stateoftheteam_stage -->
  <testcase name="dormansharedcorporate_SupplyChain_InventoryAccess" classname="com.dorman.bitest.tests.DormanSharedCorporateTest">
    <skipped/>
  </testcase> <!-- dormansharedcorporate_SupplyChain_InventoryAccess -->
  <testcase name="image_compare" classname="com.dorman.bitest.tests.DormanSharedCorporateTest">
    <skipped/>
  </testcase> <!-- image_compare -->
  <testcase name="dormansales_saesmiandash_qa" classname="com.dorman.bitest.tests.DormanSharedCorporateTest">
    <skipped/>
  </testcase> <!-- dormansales_saesmiandash_qa -->
  <testcase name="dormansharedcorporate_MDM__basicinfo_RID_126_Qa" classname="com.dorman.bitest.tests.DormanSharedCorporateTest">
    <skipped/>
  </testcase> <!-- dormansharedcorporate_MDM__basicinfo_RID_126_Qa -->
  <testcase name="dormansales_saesmiandash_stage" classname="com.dorman.bitest.tests.DormanSharedCorporateTest">
    <skipped/>
  </testcase> <!-- dormansales_saesmiandash_stage -->
  <testcase name="dormanproducts_stateoftheteam_qa" classname="com.dorman.bitest.tests.DormanSharedCorporateTest">
    <skipped/>
  </testcase> <!-- dormanproducts_stateoftheteam_qa -->
  <testcase name="dormansharedcorporate_MDM__basicinfo_RID_126_stage" classname="com.dorman.bitest.tests.DormanSharedCorporateTest">
    <skipped/>
  </testcase> <!-- dormansharedcorporate_MDM__basicinfo_RID_126_stage -->
  <testcase name="Compare" classname="com.dorman.bitest.tests.DormanSharedCorporateTest">
    <skipped/>
  </testcase> <!-- Compare -->
  <testcase name="dormansharedcorporate_MDM_NP$_Sales_RID_124_Qa" classname="com.dorman.bitest.tests.DormanSharedCorporateTest">
    <skipped/>
  </testcase> <!-- dormansharedcorporate_MDM_NP$_Sales_RID_124_Qa -->
  <testcase name="dormansharedcorporate_supplychain_tool_Team_Summary_QA" classname="com.dorman.bitest.tests.DormanSharedCorporateTest">
    <skipped/>
  </testcase> <!-- dormansharedcorporate_supplychain_tool_Team_Summary_QA -->
  <testcase name="dormansharedcorporate_MDM_NP$_Sales_RID_124_Stage" classname="com.dorman.bitest.tests.DormanSharedCorporateTest">
    <skipped/>
  </testcase> <!-- dormansharedcorporate_MDM_NP$_Sales_RID_124_Stage -->
  <testcase name="dormansharedcorporate_POS_Basic_Key_Account_Stage" classname="com.dorman.bitest.tests.DormanSharedCorporateTest">
    <skipped/>
  </testcase> <!-- dormansharedcorporate_POS_Basic_Key_Account_Stage -->
  <testcase name="BillToCustomerCredit" classname="com.dorman.bitest.tests.DormanSharedCorporateTest">
    <skipped/>
  </testcase> <!-- BillToCustomerCredit -->
  <testcase name="excelinit" classname="com.dorman.bitest.tests.DormanSharedCorporateTest">
    <skipped/>
  </testcase> <!-- excelinit -->
  <testcase name="dormansharedcorporate_supplychain__tool_Team_Summary_Stage" classname="com.dorman.bitest.tests.DormanSharedCorporateTest">
    <skipped/>
  </testcase> <!-- dormansharedcorporate_supplychain__tool_Team_Summary_Stage -->
</testsuite> <!-- com.dorman.bitest.tests.DormanSharedCorporateTest -->
