<?xml version="1.0" encoding="UTF-8"?>
<!-- Generated by org.testng.reporters.JUnitReportReporter -->
<testsuite skipped="0" hostname="SDHANAVA-L-1378" name="com.dorman.image.tests.StateoftheTeam_Scenaro1_Test" tests="2" failures="0" timestamp="22 Mar 2019 14:27:51 GMT" time="349.357" errors="0">
  <testcase name="dormanproducts_stateoftheteam_Scenario1_Qa" time="349.356" classname="com.dorman.image.tests.StateoftheTeam_Scenaro1_Test"/>
  <testcase name="dormanproducts_stateoftheteam_Scenario1_Stage" time="0.001" classname="com.dorman.image.tests.StateoftheTeam_Scenaro1_Test"/>
</testsuite> <!-- com.dorman.image.tests.StateoftheTeam_Scenaro1_Test -->
