<?xml version="1.0" encoding="UTF-8"?>
<!-- Generated by org.testng.reporters.JUnitReportReporter -->
<testsuite skipped="0" hostname="SDHANAVA-L-1378" name="com.dorman.bitest.test.DormanSharedCorporateTest" tests="1" failures="0" timestamp="06 Feb 2019 15:55:49 GMT" time="85.075" errors="0">
  <testcase name="dormansharedcorporate" time="85.075" classname="com.dorman.bitest.test.DormanSharedCorporateTest"/>
</testsuite> <!-- com.dorman.bitest.test.DormanSharedCorporateTest -->
