<?xml version="1.0" encoding="UTF-8"?>
<!-- Generated by org.testng.reporters.JUnitReportReporter -->
<testsuite skipped="0" hostname="SDHANAVA-L-1378" name="com.dorman.bitest.test.DocumentTest" tests="1" failures="0" timestamp="06 Feb 2019 15:55:49 GMT" time="37.962" errors="0">
  <testcase name="document" time="37.962" classname="com.dorman.bitest.test.DocumentTest"/>
</testsuite> <!-- com.dorman.bitest.test.DocumentTest -->
