<?xml version="1.0" encoding="UTF-8"?>
<!-- Generated by org.testng.reporters.JUnitReportReporter -->
<testsuite skipped="0" hostname="SDHANAVA-L-1378" name="com.dorman.image.tests.SalesMainDash_Scenario4_Test" tests="2" failures="0" timestamp="22 Mar 2019 14:27:51 GMT" time="1449.941" errors="0">
  <testcase name="dormanproducts_salesmaindash_Scenario4_Qa" time="838.479" classname="com.dorman.image.tests.SalesMainDash_Scenario4_Test"/>
  <testcase name="dormanproducts_salesmaindash_Scenario4_Stage" time="611.462" classname="com.dorman.image.tests.SalesMainDash_Scenario4_Test"/>
</testsuite> <!-- com.dorman.image.tests.SalesMainDash_Scenario4_Test -->
