<?xml version="1.0" encoding="UTF-8"?>
<!-- Generated by org.testng.reporters.JUnitReportReporter -->
<testsuite skipped="4" hostname="SDHANAVA-L-1378" name="com.dorman.image.tests.ImageTest" tests="5" failures="0" timestamp="06 Mar 2019 13:37:05 GMT" time="1013.342" errors="0">
  <testcase name="dormanproducts_stateoftheteam_Scenario2" time="1013.342" classname="com.dorman.image.tests.ImageTest"/>
  <testcase name="dormanproducts_stateoftheteam_Scenario1" classname="com.dorman.image.tests.ImageTest">
    <skipped/>
  </testcase> <!-- dormanproducts_stateoftheteam_Scenario1 -->
  <testcase name="dormansales_salesmiandash" classname="com.dorman.image.tests.ImageTest">
    <skipped/>
  </testcase> <!-- dormansales_salesmiandash -->
  <testcase name="dormanproducts_stateoftheteam_Scenario4" classname="com.dorman.image.tests.ImageTest">
    <skipped/>
  </testcase> <!-- dormanproducts_stateoftheteam_Scenario4 -->
  <testcase name="dormanproducts_stateoftheteam" classname="com.dorman.image.tests.ImageTest">
    <skipped/>
  </testcase> <!-- dormanproducts_stateoftheteam -->
</testsuite> <!-- com.dorman.image.tests.ImageTest -->
