<?xml version="1.0" encoding="UTF-8"?>
<!-- Generated by org.testng.reporters.JUnitReportReporter -->
<testsuite skipped="0" hostname="SDHANAVA-L-1378" name="com.dorman.image.tests.SalesMainDash_Scenario2_Test" tests="2" failures="0" timestamp="22 Mar 2019 14:27:51 GMT" time="765.222" errors="0">
  <testcase name="dormanproducts_salesmaindash_Scenario2_Qa" time="399.857" classname="com.dorman.image.tests.SalesMainDash_Scenario2_Test"/>
  <testcase name="dormanproducts_salesmaindash_Scenario2_Stage" time="365.365" classname="com.dorman.image.tests.SalesMainDash_Scenario2_Test"/>
</testsuite> <!-- com.dorman.image.tests.SalesMainDash_Scenario2_Test -->
