<?xml version="1.0" encoding="UTF-8"?>
<!-- Generated by org.testng.reporters.JUnitReportReporter -->
<testsuite skipped="0" hostname="SDHANAVA-L-1378" name="com.dorman.image.tests.SalesMainDash_Scenario1_Test" tests="2" failures="0" timestamp="23 Oct 2019 06:44:24 GMT" time="53.891" errors="0">
  <testcase name="dormanproducts_salesmaindash_Scenario1_qa" time="53.888" classname="com.dorman.image.tests.SalesMainDash_Scenario1_Test"/>
  <testcase name="dormanproducts_salesmaindash_Scenario1_Stage" time="0.003" classname="com.dorman.image.tests.SalesMainDash_Scenario1_Test"/>
</testsuite> <!-- com.dorman.image.tests.SalesMainDash_Scenario1_Test -->
