<?xml version="1.0" encoding="UTF-8"?>
<!-- Generated by org.testng.reporters.JUnitReportReporter -->
<testsuite skipped="0" hostname="SDHANAVA-L-1378" name="com.dorman.image.tests.StateoftheTeam_Scenaro2_Test" tests="2" failures="0" timestamp="22 Mar 2019 14:27:51 GMT" time="1984.691" errors="0">
  <testcase name="dormanproducts_stateoftheteam_Scenario2_Qa" time="1161.912" classname="com.dorman.image.tests.StateoftheTeam_Scenaro2_Test"/>
  <testcase name="dormanproducts_stateoftheteam_Scenario2_Stage" time="822.779" classname="com.dorman.image.tests.StateoftheTeam_Scenaro2_Test"/>
</testsuite> <!-- com.dorman.image.tests.StateoftheTeam_Scenaro2_Test -->
