<?xml version="1.0" encoding="UTF-8"?>
<!-- Generated by org.testng.reporters.JUnitReportReporter -->
<testsuite skipped="0" hostname="SDHANAVA-L-1378" name="com.dorman.bitest.tests.dormanpractice" tests="1" failures="0" timestamp="10 Feb 2019 10:50:06 GMT" time="212.077" errors="0">
  <testcase name="method" time="212.077" classname="com.dorman.bitest.tests.dormanpractice"/>
</testsuite> <!-- com.dorman.bitest.tests.dormanpractice -->
