<?xml version="1.0" encoding="UTF-8"?>
<!-- Generated by org.testng.reporters.JUnitReportReporter -->
<testsuite skipped="0" hostname="SDHANAVA-L-1378" name="com.dorman.bitest.test.LoginTest" tests="1" failures="0" timestamp="06 Feb 2019 15:55:49 GMT" time="3.301" errors="0">
  <testcase name="login" time="3.301" classname="com.dorman.bitest.test.LoginTest"/>
</testsuite> <!-- com.dorman.bitest.test.LoginTest -->
