<?xml version="1.0" encoding="UTF-8"?>
<!-- Generated by org.testng.reporters.JUnitReportReporter -->
<testsuite skipped="0" hostname="SDHANAVA-L-1378" name="com.dorman.image.tests.SalesMainDash_Scenario7_Test" tests="2" failures="0" timestamp="22 Mar 2019 14:27:51 GMT" time="117.772" errors="0">
  <testcase name="dormanproducts_stateoftheteam_Scenario7_Qa" time="117.769" classname="com.dorman.image.tests.SalesMainDash_Scenario7_Test"/>
  <testcase name="dormanproducts_stateoftheteam_Scenario7_Stage" time="0.003" classname="com.dorman.image.tests.SalesMainDash_Scenario7_Test"/>
</testsuite> <!-- com.dorman.image.tests.SalesMainDash_Scenario7_Test -->
