<?xml version="1.0" encoding="UTF-8"?>
<!-- Generated by org.testng.reporters.JUnitReportReporter -->
<testsuite skipped="0" hostname="SDHANAVA-L-1378" name="com.dorman.image.tests.StateoftheTeam_Scenaro4_Test" tests="2" failures="0" timestamp="22 Mar 2019 14:27:51 GMT" time="1172.327" errors="0">
  <testcase name="dormanproducts_stateoftheteam_Scenario4_Qa" time="829.511" classname="com.dorman.image.tests.StateoftheTeam_Scenaro4_Test"/>
  <testcase name="dormanproducts_stateoftheteam_Scenario4_Stage" time="342.816" classname="com.dorman.image.tests.StateoftheTeam_Scenaro4_Test"/>
</testsuite> <!-- com.dorman.image.tests.StateoftheTeam_Scenaro4_Test -->
