<?xml version="1.0" encoding="UTF-8"?>
<!-- Generated by org.testng.reporters.JUnitReportReporter -->
<testsuite skipped="0" hostname="SDHANAVA-L-1378" name="com.dorman.image.tests.SalesMainDash_Scenario3_Test" tests="2" failures="0" timestamp="22 Mar 2019 14:27:51 GMT" time="1415.483" errors="0">
  <testcase name="dormanproducts_salesmaindash_Scenario3_qa" time="659.198" classname="com.dorman.image.tests.SalesMainDash_Scenario3_Test"/>
  <testcase name="dormanproducts_salesmaindash_Scenario3_Stage" time="756.285" classname="com.dorman.image.tests.SalesMainDash_Scenario3_Test"/>
</testsuite> <!-- com.dorman.image.tests.SalesMainDash_Scenario3_Test -->
