<?xml version="1.0" encoding="UTF-8"?>
<!-- Generated by org.testng.reporters.JUnitReportReporter -->
<testsuite skipped="0" hostname="SDHANAVA-L-1378" name="com.dorman.image.tests.SalesMainDash_Scenario5_Test" tests="2" failures="0" timestamp="22 Mar 2019 14:27:51 GMT" time="1307.090" errors="0">
  <testcase name="dormanproducts_salesmaindash_Scenario5_Qa" time="641.404" classname="com.dorman.image.tests.SalesMainDash_Scenario5_Test"/>
  <testcase name="dormanproducts_salesmaindash_Scenario5_Stage" time="665.686" classname="com.dorman.image.tests.SalesMainDash_Scenario5_Test"/>
</testsuite> <!-- com.dorman.image.tests.SalesMainDash_Scenario5_Test -->
